
  You can now view your Streamlit app in your browser.

  Local URL: http://localhost:8501
  Network URL: http://192.168.1.13:8501
  External URL: http://83.64.202.110:8501

2026-04-16 13:22:24.153 Script compilation error
Traceback (most recent call last):
  File "/home/kmail/.local/lib/python3.11/site-packages/streamlit/runtime/scriptrunner/script_runner.py", line 591, in _run_script
    code = self._script_cache.get_bytecode(script_path)
           ^^^^^^^^^^^^^^^^^^^^^^^^^^^^^^^^^^^^^^^^^^^^
  File "/home/kmail/.local/lib/python3.11/site-packages/streamlit/runtime/scriptrunner/script_cache.py", line 72, in get_bytecode
    filebody = magic.add_magic(filebody, script_path)
               ^^^^^^^^^^^^^^^^^^^^^^^^^^^^^^^^^^^^^^
  File "/home/kmail/.local/lib/python3.11/site-packages/streamlit/runtime/scriptrunner/magic.py", line 45, in add_magic
    tree = ast.parse(code, script_path, "exec")
           ^^^^^^^^^^^^^^^^^^^^^^^^^^^^^^^^^^^^
  File "/usr/lib/python3.11/ast.py", line 50, in parse
    return compile(source, filename, mode, flags,
           ^^^^^^^^^^^^^^^^^^^^^^^^^^^^^^^^^^^^^^
  File "/home/kmail/Downloads/cmdbesp/dashboard.py", line 97
    df_b = df_b[filter_col_b].isin(selected_vals_b)]
                                                   ^
SyntaxError: unmatched ']'
2026-04-16 13:22:24.155 Thread 'MainThread': missing ScriptRunContext! This warning can be ignored when running in bare mode.
2026-04-16 13:22:27.565 Script compilation error
Traceback (most recent call last):
  File "/home/kmail/.local/lib/python3.11/site-packages/streamlit/runtime/scriptrunner/script_runner.py", line 591, in _run_script
    code = self._script_cache.get_bytecode(script_path)
           ^^^^^^^^^^^^^^^^^^^^^^^^^^^^^^^^^^^^^^^^^^^^
  File "/home/kmail/.local/lib/python3.11/site-packages/streamlit/runtime/scriptrunner/script_cache.py", line 72, in get_bytecode
    filebody = magic.add_magic(filebody, script_path)
               ^^^^^^^^^^^^^^^^^^^^^^^^^^^^^^^^^^^^^^
  File "/home/kmail/.local/lib/python3.11/site-packages/streamlit/runtime/scriptrunner/magic.py", line 45, in add_magic
    tree = ast.parse(code, script_path, "exec")
           ^^^^^^^^^^^^^^^^^^^^^^^^^^^^^^^^^^^^
  File "/usr/lib/python3.11/ast.py", line 50, in parse
    return compile(source, filename, mode, flags,
           ^^^^^^^^^^^^^^^^^^^^^^^^^^^^^^^^^^^^^^
  File "/home/kmail/Downloads/cmdbesp/dashboard.py", line 97
    df_b = df_b[filter_col_b].isin(selected_vals_b)]
                                                   ^
SyntaxError: unmatched ']'
2026-04-16 13:22:27.565 Thread 'MainThread': missing ScriptRunContext! This warning can be ignored when running in bare mode.
2026-04-16 13:22:41.845 Script compilation error
Traceback (most recent call last):
  File "/home/kmail/.local/lib/python3.11/site-packages/streamlit/runtime/scriptrunner/script_runner.py", line 591, in _run_script
    code = self._script_cache.get_bytecode(script_path)
           ^^^^^^^^^^^^^^^^^^^^^^^^^^^^^^^^^^^^^^^^^^^^
  File "/home/kmail/.local/lib/python3.11/site-packages/streamlit/runtime/scriptrunner/script_cache.py", line 72, in get_bytecode
    filebody = magic.add_magic(filebody, script_path)
               ^^^^^^^^^^^^^^^^^^^^^^^^^^^^^^^^^^^^^^
  File "/home/kmail/.local/lib/python3.11/site-packages/streamlit/runtime/scriptrunner/magic.py", line 45, in add_magic
    tree = ast.parse(code, script_path, "exec")
           ^^^^^^^^^^^^^^^^^^^^^^^^^^^^^^^^^^^^
  File "/usr/lib/python3.11/ast.py", line 50, in parse
    return compile(source, filename, mode, flags,
           ^^^^^^^^^^^^^^^^^^^^^^^^^^^^^^^^^^^^^^
  File "/home/kmail/Downloads/cmdbesp/dashboard.py", line 97
    df_b = df_b[filter_col_b].isin(selected_vals_b)]
                                                   ^
SyntaxError: unmatched ']'
2026-04-16 13:22:41.846 Thread 'MainThread': missing ScriptRunContext! This warning can be ignored when running in bare mode.
  Stopping...
