
> react-dashboard@0.0.0 dev
> vite --host 0.0.0.0 --port 5176


  VITE v8.0.8  ready in 75 ms

  ➜  Local:   http://localhost:5176/
  ➜  Network: http://192.168.1.13:5176/
  ➜  Network: http://172.22.0.1:5176/
  ➜  Network: http://172.25.0.1:5176/
16:49:38 [vite] (client) hmr update /src/App.jsx
16:50:47 [vite] (client) hmr update /src/App.css
16:55:48 [vite] (client) hmr update /src/App.css
08:11:30 [vite] (client) hmr update /src/App.jsx
08:11:38 [vite] (client) hmr update /src/App.jsx
08:11:45 [vite] (client) hmr update /src/App.jsx
08:11:57 [vite] (client) hmr update /src/App.jsx
08:12:52 [vite] (client) hmr update /src/App.css
08:14:30 [vite] (client) hmr update /src/App.jsx
08:14:36 [vite] (client) hmr update /src/App.jsx
08:14:36 [vite] (client) hmr update /src/App.css
08:14:41 [vite] (client) hmr update /src/App.jsx
08:14:51 [vite] (client) hmr update /src/App.jsx
08:18:06 [vite] (client) hmr update /src/App.jsx
08:29:54 [vite] (client) hmr update /src/App.jsx
08:30:09 [vite] (client) hmr update /src/App.jsx
08:31:05 [vite] (client) hmr update /src/App.css
08:31:08 [vite] (client) hmr update /src/App.css
08:59:56 [vite] (client) hmr update /src/App.jsx
09:09:06 [vite] (client) hmr update /src/App.jsx
09:09:15 [vite] (client) hmr update /src/App.jsx
09:09:16 [vite] (client) hmr update /src/App.jsx
09:09:37 [vite] (client) hmr update /src/App.jsx
09:09:42 [vite] (client) hmr update /src/App.jsx
09:09:47 [vite] (client) hmr update /src/App.jsx
09:09:57 [vite] (client) hmr update /src/App.jsx
09:10:05 [vite] (client) hmr update /src/App.jsx
09:10:09 [vite] (client) hmr update /src/App.css
09:10:33 [vite] (client) hmr update /src/App.jsx
09:11:08 [vite] (client) hmr update /src/App.jsx
09:11:08 [vite] (client) hmr update /src/App.css
09:11:50 [vite] (client) hmr update /src/App.jsx
09:13:31 [vite] (client) hmr update /src/App.jsx
09:15:50 [vite] (client) hmr update /src/App.jsx
09:27:38 [vite] (client) hmr update /src/App.jsx
09:27:42 [vite] (client) hmr update /src/App.jsx
09:27:47 [vite] (client) hmr update /src/App.jsx
09:27:56 [vite] (client) hmr update /src/App.jsx
09:29:09 [vite] (client) hmr update /src/App.jsx
09:29:13 [vite] (client) hmr update /src/App.jsx
09:29:34 [vite] (client) hmr update /src/App.jsx
09:31:04 [vite] (client) hmr update /src/App.jsx
09:31:09 [vite] (client) hmr update /src/App.jsx
09:31:28 [vite] (client) hmr update /src/App.jsx
09:34:13 [vite] (client) hmr update /src/App.jsx
09:34:25 [vite] (client) hmr update /src/App.jsx
09:34:33 [vite] (client) hmr update /src/App.css
09:36:23 [vite] (client) hmr update /src/App.jsx
09:36:30 [vite] (client) hmr update /src/App.jsx
09:36:39 [vite] (client) hmr update /src/App.css
09:38:30 [vite] (client) hmr update /src/App.jsx
09:38:48 [vite] (client) hmr update /src/App.css
11:02:46 [vite] (client) hmr update /src/App.jsx
11:02:58 [vite] (client) hmr update /src/App.jsx
11:03:07 [vite] (client) hmr update /src/App.jsx
11:03:14 [vite] (client) hmr update /src/App.jsx
11:05:12 [vite] (client) hmr update /src/App.jsx
11:06:05 [vite] (client) hmr update /src/App.jsx
11:06:43 [vite] (client) hmr update /src/App.jsx
11:08:27 [vite] (client) hmr update /src/App.jsx
11:10:20 [vite] (client) hmr update /src/App.jsx
11:10:28 [vite] (client) hmr update /src/App.jsx
11:10:38 [vite] (client) hmr update /src/App.css
11:15:09 [vite] (client) page reload CMDB_fileshares.csv
11:18:25 [vite] (client) hmr update /src/App.jsx
11:18:44 [vite] (client) hmr update /src/App.jsx
11:19:00 [vite] (client) hmr update /src/App.css
11:20:09 [vite] (client) hmr update /src/App.jsx
11:20:17 [vite] (client) hmr update /src/App.css
11:22:52 [vite] (client) hmr update /src/App.jsx
11:23:03 [vite] (client) hmr update /src/App.css
11:23:52 [vite] (client) hmr update /src/App.jsx
11:23:55 [vite] (client) hmr update /src/App.css
11:24:19 [vite] (client) hmr update /src/App.jsx
11:24:19 [vite] (client) page reload parsed_fileshares.csv
11:27:32 [vite] (client) hmr update /src/App.jsx
11:27:43 [vite] (client) hmr update /src/App.css
11:27:43 [vite] (client) hmr update /src/App.css
11:28:05 [vite] (client) hmr update /src/App.jsx
11:28:17 [vite] (client) hmr update /src/App.jsx
11:28:23 [vite] (client) hmr update /src/App.css
11:28:28 [vite] (client) hmr update /src/App.jsx
11:28:46 [vite] (client) hmr update /src/App.css
11:30:46 [vite] (client) hmr update /src/App.jsx
11:31:03 [vite] (client) hmr update /src/App.jsx
11:31:29 [vite] (client) hmr update /src/App.jsx
11:31:45 [vite] (client) hmr update /src/App.jsx
11:32:21 [vite] (client) hmr update /src/App.jsx
11:32:40 [vite] (client) hmr update /src/App.css
11:33:11 [vite] (client) hmr update /src/App.jsx
11:33:15 [vite] (client) hmr update /src/App.jsx
11:34:33 [vite] (client) hmr update /src/index.css
11:35:12 [vite] (client) hmr update /src/App.jsx
11:35:25 [vite] (client) hmr update /src/App.jsx
11:36:16 [vite] (client) hmr update /src/App.jsx
11:36:20 [vite] (client) hmr update /src/App.jsx
11:36:31 [vite] (client) hmr update /src/App.jsx
11:36:41 [vite] (client) hmr update /src/App.css
11:36:42 [vite] (client) hmr update /src/App.jsx
11:36:42 [vite] (client) hmr update /src/App.css
11:36:42 [vite] (client) hmr update /src/index.css
11:38:40 [vite] (client) hmr update /src/App.css
11:39:15 [vite] (client) hmr update /src/App.css
11:40:05 [vite] (client) hmr update /src/App.css
11:41:45 [vite] (client) hmr update /src/App.jsx
11:41:53 [vite] (client) hmr update /src/App.jsx
11:42:08 [vite] (client) hmr update /src/App.jsx
11:43:55 [vite] (client) hmr update /src/App.jsx
11:43:55 [vite] (client) hmr update /src/App.css
11:45:41 [vite] vite.config.js changed, restarting server...
11:45:41 [vite] (client) Re-optimizing dependencies because vite config has changed
11:45:41 [vite] server restarted.
11:46:20 [vite] vite.config.js changed, restarting server...
11:46:20 [vite] this.setupApiSaveMiddleware is not a function
11:46:20 [vite] server restart failed
11:47:01 [vite] vite.config.js changed, restarting server...
11:47:01 [vite] vite.config.js changed, restarting server...
11:47:01 [vite] server restarted.
Port 5176 is in use, trying another one...
11:47:01 [vite] server restarted.

  ➜  Local:   http://localhost:5177/
  ➜  Network: http://192.168.1.13:5177/
  ➜  Network: http://172.22.0.1:5177/
  ➜  Network: http://172.25.0.1:5177/
11:48:17 [vite] vite.config.js changed, restarting server...
11:48:17 [vite] vite.config.js changed, restarting server...
11:48:17 [vite] server restarted.
11:48:17 [vite] server restarted.
14:00:38 [vite] (client) page reload index.html
14:00:38 [vite] (client) page reload index.html
14:05:33 [vite] (client) page reload index.html
14:05:33 [vite] (client) page reload index.html
